[2021-08-20 00:08:20,071] [com.weiyang.vote.controller.RelationshipController.getChoicesStats(RelationshipController.java:51)] INFO ===> 请求接口：有哪些选项 [getChoiceList]
[2021-08-20 00:14:57,459] [com.weiyang.vote.controller.RelationshipController.getChoicesStats(RelationshipController.java:51)] INFO ===> 请求接口：有哪些选项 [getChoiceList]
[2021-08-20 00:16:44,358] [com.weiyang.vote.controller.RelationshipController.getChoicesStats(RelationshipController.java:51)] INFO ===> 请求接口：有哪些选项 [getChoiceList]
[2021-08-20 00:20:02,031] [com.weiyang.vote.controller.RelationshipController.getChoicesStats(RelationshipController.java:51)] INFO ===> 请求接口：有哪些选项 [getChoiceList]
[2021-08-20 00:22:28,720] [com.weiyang.vote.controller.RelationshipController.getChoicesStats(RelationshipController.java:51)] INFO ===> 请求接口：有哪些选项 [getChoiceList]
[2021-08-20 00:26:11,870] [com.weiyang.vote.controller.RelationshipController.getChoicesStats(RelationshipController.java:51)] INFO ===> 请求接口：有哪些选项 [getChoiceList]
[2021-08-20 00:32:09,921] [com.weiyang.vote.controller.RelationshipController.getChoicesStats(RelationshipController.java:51)] INFO ===> 请求接口：有哪些选项 [getChoiceList]
[2021-08-20 00:32:11,627] [com.weiyang.vote.service.impl.RelationshipServiceImpl.getChoicesStats(RelationshipServiceImpl.java:48)] INFO ===> 获取投票选项的统计结果失败。
[2021-08-20 00:32:11,642] [com.weiyang.vote.service.impl.RelationshipServiceImpl.getChoicesStats(RelationshipServiceImpl.java:48)] INFO ===> 获取投票选项的统计结果失败。
[2021-08-20 00:32:11,658] [com.weiyang.vote.service.impl.RelationshipServiceImpl.getChoicesStats(RelationshipServiceImpl.java:48)] INFO ===> 获取投票选项的统计结果失败。
[2021-08-20 00:32:11,676] [com.weiyang.vote.service.impl.RelationshipServiceImpl.getChoicesStats(RelationshipServiceImpl.java:48)] INFO ===> 获取投票选项的统计结果失败。
[2021-08-20 00:32:55,831] [com.weiyang.vote.controller.RelationshipController.createChoice(RelationshipController.java:27)] INFO ===> 新建接口：新建[createChoice]
[2021-08-20 00:32:55,886] [com.weiyang.vote.controller.RelationshipController.createChoice(RelationshipController.java:28)] INFO ===> 请求内容:{"UserId":1,"VoteId":1,"CreateTime":"2021-08-20 20:00:00","VoteOptionId":2}
[2021-08-20 00:32:55,888] [com.weiyang.vote.controller.RelationshipController.createChoice(RelationshipController.java:37)] INFO ===> Relationship{userId=1, voteId=1, voteOptionId=2,createTime=Fri Aug 20 00:32:55 CST 2021}
[2021-08-20 00:32:55,991] [com.weiyang.vote.service.impl.RelationshipServiceImpl.createRelationship(RelationshipServiceImpl.java:27)] INFO ===> 哪个用户创建投票：Relationship{userId=1, voteId=1, voteOptionId=2,createTime=Fri Aug 20 00:32:55 CST 2021}
[2021-08-20 00:32:55,992] [com.weiyang.vote.service.impl.RelationshipServiceImpl.createRelationship(RelationshipServiceImpl.java:28)] INFO ===> 投票ID：1
[2021-08-20 00:32:55,992] [com.weiyang.vote.service.impl.RelationshipServiceImpl.createRelationship(RelationshipServiceImpl.java:29)] INFO ===> 选项ID：2
[2021-08-20 00:33:02,875] [com.weiyang.vote.controller.RelationshipController.createChoice(RelationshipController.java:27)] INFO ===> 新建接口：新建[createChoice]
[2021-08-20 00:33:02,876] [com.weiyang.vote.controller.RelationshipController.createChoice(RelationshipController.java:28)] INFO ===> 请求内容:{"UserId":2,"VoteId":1,"CreateTime":"2021-08-20 20:00:00","VoteOptionId":1}
[2021-08-20 00:33:02,876] [com.weiyang.vote.controller.RelationshipController.createChoice(RelationshipController.java:37)] INFO ===> Relationship{userId=2, voteId=1, voteOptionId=1,createTime=Fri Aug 20 00:33:02 CST 2021}
[2021-08-20 00:33:13,029] [com.weiyang.vote.controller.RelationshipController.createChoice(RelationshipController.java:27)] INFO ===> 新建接口：新建[createChoice]
[2021-08-20 00:33:13,030] [com.weiyang.vote.controller.RelationshipController.createChoice(RelationshipController.java:28)] INFO ===> 请求内容:{"UserId":10,"VoteId":1,"CreateTime":"2021-08-20 20:00:00","VoteOptionId":1}
[2021-08-20 00:33:13,032] [com.weiyang.vote.controller.RelationshipController.createChoice(RelationshipController.java:37)] INFO ===> Relationship{userId=10, voteId=1, voteOptionId=1,createTime=Fri Aug 20 00:33:13 CST 2021}
[2021-08-20 00:33:13,055] [com.weiyang.vote.service.impl.RelationshipServiceImpl.createRelationship(RelationshipServiceImpl.java:27)] INFO ===> 哪个用户创建投票：Relationship{userId=10, voteId=1, voteOptionId=1,createTime=Fri Aug 20 00:33:13 CST 2021}
[2021-08-20 00:33:13,055] [com.weiyang.vote.service.impl.RelationshipServiceImpl.createRelationship(RelationshipServiceImpl.java:28)] INFO ===> 投票ID：1
[2021-08-20 00:33:13,055] [com.weiyang.vote.service.impl.RelationshipServiceImpl.createRelationship(RelationshipServiceImpl.java:29)] INFO ===> 选项ID：1
[2021-08-20 00:33:16,179] [com.weiyang.vote.controller.RelationshipController.getChoicesStats(RelationshipController.java:51)] INFO ===> 请求接口：有哪些选项 [getChoiceList]
[2021-08-20 00:33:16,201] [com.weiyang.vote.service.impl.RelationshipServiceImpl.getChoicesStats(RelationshipServiceImpl.java:51)] INFO ===> 获取投票选项的统计结果成功，结果为：1
[2021-08-20 00:33:16,216] [com.weiyang.vote.service.impl.RelationshipServiceImpl.getChoicesStats(RelationshipServiceImpl.java:51)] INFO ===> 获取投票选项的统计结果成功，结果为：1
[2021-08-20 00:33:16,313] [com.weiyang.vote.service.impl.RelationshipServiceImpl.getChoicesStats(RelationshipServiceImpl.java:48)] INFO ===> 获取投票选项的统计结果失败。
[2021-08-20 00:33:16,323] [com.weiyang.vote.service.impl.RelationshipServiceImpl.getChoicesStats(RelationshipServiceImpl.java:48)] INFO ===> 获取投票选项的统计结果失败。
[2021-08-20 00:41:44,949] [com.weiyang.vote.controller.RelationshipController.getChoicesStats(RelationshipController.java:50)] INFO ===> 请求接口：有哪些选项 [getChoiceList]
[2021-08-20 00:41:44,954] [com.weiyang.vote.controller.RelationshipController.getChoicesStats(RelationshipController.java:51)] INFO ===> 查询投票id为：1
[2021-08-20 00:41:45,796] [com.weiyang.vote.service.impl.RelationshipServiceImpl.getChoicesStats(RelationshipServiceImpl.java:47)] INFO ===> 获取投票选项的统计结果成功，结果为：1
[2021-08-20 00:41:45,815] [com.weiyang.vote.service.impl.RelationshipServiceImpl.getChoicesStats(RelationshipServiceImpl.java:47)] INFO ===> 获取投票选项的统计结果成功，结果为：1
[2021-08-20 00:41:45,829] [com.weiyang.vote.service.impl.RelationshipServiceImpl.getChoicesStats(RelationshipServiceImpl.java:47)] INFO ===> 获取投票选项的统计结果成功，结果为：0
[2021-08-20 00:41:45,845] [com.weiyang.vote.service.impl.RelationshipServiceImpl.getChoicesStats(RelationshipServiceImpl.java:47)] INFO ===> 获取投票选项的统计结果成功，结果为：0
[2021-08-20 00:43:04,406] [com.weiyang.vote.controller.RelationshipController.createChoice(RelationshipController.java:26)] INFO ===> 新建接口：新建[createChoice]
[2021-08-20 00:43:04,410] [com.weiyang.vote.controller.RelationshipController.createChoice(RelationshipController.java:27)] INFO ===> 请求内容:{"UserId":11,"VoteId":1,"CreateTime":"2021-08-20 20:00:00","VoteOptionId":1}
[2021-08-20 00:43:04,410] [com.weiyang.vote.controller.RelationshipController.createChoice(RelationshipController.java:36)] INFO ===> Relationship{userId=11, voteId=1, voteOptionId=1,createTime=Fri Aug 20 00:43:04 CST 2021}
[2021-08-20 00:43:04,435] [com.weiyang.vote.service.impl.RelationshipServiceImpl.createRelationship(RelationshipServiceImpl.java:27)] INFO ===> 哪个用户创建投票：Relationship{userId=11, voteId=1, voteOptionId=1,createTime=Fri Aug 20 00:43:04 CST 2021}
[2021-08-20 00:43:04,436] [com.weiyang.vote.service.impl.RelationshipServiceImpl.createRelationship(RelationshipServiceImpl.java:28)] INFO ===> 投票ID：1
[2021-08-20 00:43:04,436] [com.weiyang.vote.service.impl.RelationshipServiceImpl.createRelationship(RelationshipServiceImpl.java:29)] INFO ===> 选项ID：1
[2021-08-20 00:43:09,933] [com.weiyang.vote.controller.RelationshipController.getChoicesStats(RelationshipController.java:50)] INFO ===> 请求接口：有哪些选项 [getChoiceList]
[2021-08-20 00:43:09,933] [com.weiyang.vote.controller.RelationshipController.getChoicesStats(RelationshipController.java:51)] INFO ===> 查询投票id为：1
[2021-08-20 00:43:09,945] [com.weiyang.vote.service.impl.RelationshipServiceImpl.getChoicesStats(RelationshipServiceImpl.java:47)] INFO ===> 获取投票选项的统计结果成功，结果为：2
[2021-08-20 00:43:09,958] [com.weiyang.vote.service.impl.RelationshipServiceImpl.getChoicesStats(RelationshipServiceImpl.java:47)] INFO ===> 获取投票选项的统计结果成功，结果为：1
[2021-08-20 00:43:09,980] [com.weiyang.vote.service.impl.RelationshipServiceImpl.getChoicesStats(RelationshipServiceImpl.java:47)] INFO ===> 获取投票选项的统计结果成功，结果为：0
[2021-08-20 00:43:10,012] [com.weiyang.vote.service.impl.RelationshipServiceImpl.getChoicesStats(RelationshipServiceImpl.java:47)] INFO ===> 获取投票选项的统计结果成功，结果为：0
